<?xml version="1.0" encoding="UTF-8"?>
<!-- Generated by org.testng.reporters.JUnitReportReporter -->
<testsuite hostname="Soumyas-MacBook-Pro.local" failures="0" tests="1" name="sumValidation" time="0.531" errors="0" timestamp="2023-08-14T10:24:47 IST" skipped="0">
  <testcase classname="sumValidation" name="sumOfCourses" time="0.531"/>
</testsuite> <!-- sumValidation -->
